0 info it worked if it ends with ok
1 verbose cli [ 'C:\\Users\\user\\Desktop\\Spiral - копия\\packages\\Node.js.5.3.0\\node.exe',
1 verbose cli   'C:\\Users\\user\\Desktop\\Spiral - копия\\packages\\Npm.js.2.13.1.0\\tools\\node_modules\\npm\\bin\\npm-cli.js',
1 verbose cli   'install' ]
2 info using npm@2.13.1
3 info using node@v5.3.0
4 verbose config Skipping project config: C:\Users\user/.npmrc. (matches userconfig)
5 verbose readDependencies loading dependencies from C:\Users\user\package.json
6 error install Couldn't read dependencies
7 verbose stack Error: ENOENT: no such file or directory, open 'C:\Users\user\package.json'
7 verbose stack     at Error (native)
8 verbose cwd C:\Users\user\Desktop\Spiral - копия\Spiral
9 error Windows_NT 6.1.7601
10 error argv "C:\\Users\\user\\Desktop\\Spiral - копия\\packages\\Node.js.5.3.0\\node.exe" "C:\\Users\\user\\Desktop\\Spiral - копия\\packages\\Npm.js.2.13.1.0\\tools\\node_modules\\npm\\bin\\npm-cli.js" "install"
11 error node v5.3.0
12 error npm  v2.13.1
13 error path C:\Users\user\package.json
14 error code ENOPACKAGEJSON
15 error errno -4058
16 error syscall open
17 error package.json ENOENT: no such file or directory, open 'C:\Users\user\package.json'
17 error package.json This is most likely not a problem with npm itself.
17 error package.json npm can't find a package.json file in your current directory.
18 verbose exit [ -4058, true ]
